INT ------ "int"
SPACE ------ " "
IDENTIFIER ------ "main"
'(' ------ "("
')' ------ ")"
'{' ------ "{"
 ------ "
/*"
 ------ "
	"
INT ------ "int"
SPACE ------ " "
IDENTIFIER ------ "a"
'=' ------ "="
CONSTANT ------ "3"
';' ------ ";"
 ------ "
	"
DOUBLE ------ "double"
SPACE ------ " "
IDENTIFIER ------ "b"
'=' ------ "="
CONSTANT ------ "2"
';' ------ ";"
 ------ "
	"
INT ------ "int"
SPACE ------ " "
IDENTIFIER ------ "c"
'=' ------ "="
IDENTIFIER ------ "a"
'+' ------ "+"
'(' ------ "("
INT ------ "int"
')' ------ ")"
IDENTIFIER ------ "b"
';' ------ ";"
 ------ "
	"
IDENTIFIER ------ "printf"
'(' ------ "("
STRING_LITERAL ------ ""%d""
',' ------ ","
IDENTIFIER ------ "c"
')' ------ ")"
';' ------ ";"
 ------ "
	"
RETURN ------ "return"
SPACE ------ " "
CONSTANT ------ "0"
';' ------ ";"
'}' ------ "
}"
